<?xml version="1.0" encoding="UTF-8"?>
<testsuite xmlns:xsi="http://www.w3.org/2001/XMLSchema-instance" xsi:noNamespaceSchemaLocation="https://maven.apache.org/surefire/maven-surefire-plugin/xsd/surefire-test-report.xsd" name="ListImplementationTest" time="0.066" tests="8" errors="0" skipped="0" failures="0">
  <properties>
[...]
</properties>
  <testcase name="insert" classname="ListImplementationTest" time="0.005"/>
  <testcase name="remove" classname="ListImplementationTest" time="0"/>
  <testcase name="getElement" classname="ListImplementationTest" time="0"/>
  <testcase name="add" classname="ListImplementationTest" time="0"/>
  <testcase name="size" classname="ListImplementationTest" time="0"/>
  <testcase name="setElement" classname="ListImplementationTest" time="0"/>
  <testcase name="TestArrayLengthIncrement" classname="ListImplementationTest" time="0"/>
  <testcase name="checkIndexRange" classname="ListImplementationTest" time="0.001"/>
</testsuite>